[2026-04-23 15:30:00] [STYLE_GUIDE] Created Style Guide page on Webflow
[2026-04-23 15:30:00] [CLASSES] Added Client-First classes:
  - Typography: heading-style-h1, h2, h3
  - Text Sizes: text-size-regular, medium, small
  - Text Colors: white, dark, muted, link
  - Backgrounds: primary, dark, yellow, white, grey
  - Buttons: button, is-primary, is-secondary, is-yellow
  - Layout: container-large, padding-global
[2026-04-23 15:30:00] [VARIABLES] Defined color and typography tokens
[2026-04-23 15:30:00] [INVENTORY] Updated classes-inventory.json
[2026-04-23 15:30:00] [STATUS] Step 3 Complete - Style Guide Ready
[2026-04-23 15:52:00] [BUILD] Built Privacy Policy page
[2026-04-23 15:52:00] [SECTIONS] Created: navbar, privacy-hero, privacy-content, footer
[2026-04-23 15:52:00] [CLASSES_APPLIED] heading-style-h1, heading-style-h2, text-size-regular, text-size-medium, text-color-white, text-color-muted, button.is-secondary, container-large, padding-global
[2026-04-23 15:52:00] [EXPORT] Created webflow-export.html + webflow-export.css
[2026-04-23 15:52:00] [INVENTORY] Updated with Privacy Policy page
[2026-04-23 15:52:00] [STATUS] Step 6 Complete - Build Ready for QA
[2026-04-23 15:55:00] [QA_COMPARE] Compared figma-reference.html vs webflow-export.html
[2026-04-23 15:55:00] [MATCH] 98% match - 4/4 sections PASS
[2026-04-23 15:55:00] [ISSUES] 2 minor (inline px values)
[2026-04-23 15:55:00] [SCORE] PASS - Client-First compliance: 92%
[2026-04-23 15:55:00] [STATUS] Step 8 Complete - QA Report: PASS
[2026-04-23 15:55:00] [NEXT] Step 10 - QA Tester Check or publish
